<<<<<<< HEAD
This is pdfTeX, Version 3.141592653-2.6-1.40.26 (MiKTeX 24.4) (preloaded format=pdflatex 2024.5.28)  21 JUN 2024 20:36
=======
This is pdfTeX, Version 3.141592653-2.6-1.40.26 (MiKTeX 24.4) (preloaded format=pdflatex 2024.5.25)  21 JUN 2024 13:37
>>>>>>> main
entering extended mode
 restricted \write18 enabled.
 file:line:error style messages enabled.
 %&-line parsing enabled.
**d:/VSCode/IS403_O22_HTCL_8/Latex/TemplatePaper.tex
(d:/VSCode/IS403_O22_HTCL_8/Latex/TemplatePaper.tex
LaTeX2e <2023-11-01> patch level 1
L3 programming layer <2024-04-11>
(ieeeojies.cls (IEEEtran.cls
Document Class: IEEEtran 2015/08/26 V1.8b by Michael Shell
-- See the "IEEEtran_HOWTO" manual for usage information.
-- http://www.michaelshell.org/tex/ieeetran/
\@IEEEtrantmpdimenA=\dimen140
\@IEEEtrantmpdimenB=\dimen141
\@IEEEtrantmpdimenC=\dimen142
\@IEEEtrantmpcountA=\count189
\@IEEEtrantmpcountB=\count190
\@IEEEtrantmpcountC=\count191
\@IEEEtrantmptoksA=\toks17
LaTeX Font Info:    Trying to load font information for OT1+ptm on input line 503.
(C:\Users\datdao2003\AppData\Local\Programs\MiKTeX\tex/latex/psnfss\ot1ptm.fd
File: ot1ptm.fd 2001/06/04 font definitions for OT1/ptm.
)
-- Using 8.5in x 11in (letter) paper.
-- Using PDF output.
\@IEEEnormalsizeunitybaselineskip=\dimen143
-- This is a 10 point document.
\CLASSINFOnormalsizebaselineskip=\dimen144
\CLASSINFOnormalsizeunitybaselineskip=\dimen145
\IEEEnormaljot=\dimen146
LaTeX Font Info:    Font shape `OT1/ptm/bx/n' in size <5> not available
(Font)              Font shape `OT1/ptm/b/n' tried instead on input line 1090.
LaTeX Font Info:    Font shape `OT1/ptm/bx/it' in size <5> not available
(Font)              Font shape `OT1/ptm/b/it' tried instead on input line 1090.
LaTeX Font Info:    Font shape `OT1/ptm/bx/n' in size <7> not available
(Font)              Font shape `OT1/ptm/b/n' tried instead on input line 1090.
LaTeX Font Info:    Font shape `OT1/ptm/bx/it' in size <7> not available
(Font)              Font shape `OT1/ptm/b/it' tried instead on input line 1090.
LaTeX Font Info:    Font shape `OT1/ptm/bx/n' in size <8> not available
(Font)              Font shape `OT1/ptm/b/n' tried instead on input line 1090.
LaTeX Font Info:    Font shape `OT1/ptm/bx/it' in size <8> not available
(Font)              Font shape `OT1/ptm/b/it' tried instead on input line 1090.
LaTeX Font Info:    Font shape `OT1/ptm/bx/n' in size <9> not available
(Font)              Font shape `OT1/ptm/b/n' tried instead on input line 1090.
LaTeX Font Info:    Font shape `OT1/ptm/bx/it' in size <9> not available
(Font)              Font shape `OT1/ptm/b/it' tried instead on input line 1090.
LaTeX Font Info:    Font shape `OT1/ptm/bx/n' in size <10> not available
(Font)              Font shape `OT1/ptm/b/n' tried instead on input line 1090.
LaTeX Font Info:    Font shape `OT1/ptm/bx/it' in size <10> not available
(Font)              Font shape `OT1/ptm/b/it' tried instead on input line 1090.
LaTeX Font Info:    Font shape `OT1/ptm/bx/n' in size <11> not available
(Font)              Font shape `OT1/ptm/b/n' tried instead on input line 1090.
LaTeX Font Info:    Font shape `OT1/ptm/bx/it' in size <11> not available
(Font)              Font shape `OT1/ptm/b/it' tried instead on input line 1090.
LaTeX Font Info:    Font shape `OT1/ptm/bx/n' in size <12> not available
(Font)              Font shape `OT1/ptm/b/n' tried instead on input line 1090.
LaTeX Font Info:    Font shape `OT1/ptm/bx/it' in size <12> not available
(Font)              Font shape `OT1/ptm/b/it' tried instead on input line 1090.
LaTeX Font Info:    Font shape `OT1/ptm/bx/n' in size <17> not available
(Font)              Font shape `OT1/ptm/b/n' tried instead on input line 1090.
LaTeX Font Info:    Font shape `OT1/ptm/bx/it' in size <17> not available
(Font)              Font shape `OT1/ptm/b/it' tried instead on input line 1090.
LaTeX Font Info:    Font shape `OT1/ptm/bx/n' in size <20> not available
(Font)              Font shape `OT1/ptm/b/n' tried instead on input line 1090.
LaTeX Font Info:    Font shape `OT1/ptm/bx/it' in size <20> not available
(Font)              Font shape `OT1/ptm/b/it' tried instead on input line 1090.
LaTeX Font Info:    Font shape `OT1/ptm/bx/n' in size <24> not available
(Font)              Font shape `OT1/ptm/b/n' tried instead on input line 1090.
LaTeX Font Info:    Font shape `OT1/ptm/bx/it' in size <24> not available
(Font)              Font shape `OT1/ptm/b/it' tried instead on input line 1090.
\IEEEquantizedlength=\dimen147
\IEEEquantizedlengthdiff=\dimen148
\IEEEquantizedtextheightdiff=\dimen149
\IEEEilabelindentA=\dimen150
\IEEEilabelindentB=\dimen151
\IEEEilabelindent=\dimen152
\IEEEelabelindent=\dimen153
\IEEEdlabelindent=\dimen154
\IEEElabelindent=\dimen155
\IEEEiednormlabelsep=\dimen156
\IEEEiedmathlabelsep=\dimen157
\IEEEiedtopsep=\skip48
\c@section=\count192
\c@subsection=\count193
\c@subsubsection=\count194
\c@paragraph=\count195
\c@IEEEsubequation=\count196
\abovecaptionskip=\skip49
\belowcaptionskip=\skip50
\c@figure=\count197
\c@table=\count198
\@IEEEeqnnumcols=\count199
\@IEEEeqncolcnt=\count266
\@IEEEsubeqnnumrollback=\count267
\@IEEEquantizeheightA=\dimen158
\@IEEEquantizeheightB=\dimen159
\@IEEEquantizeheightC=\dimen160
\@IEEEquantizeprevdepth=\dimen161
\@IEEEquantizemultiple=\count268
\@IEEEquantizeboxA=\box51
\@IEEEtmpitemindent=\dimen162
\IEEEPARstartletwidth=\dimen163
\c@IEEEbiography=\count269
\@IEEEtranrubishbin=\box52
) (C:\Users\datdao2003\AppData\Local\Programs\MiKTeX\tex/generic/iftex\ifpdf.sty
Package: ifpdf 2019/10/25 v3.4 ifpdf legacy package. Use iftex instead.
 (C:\Users\datdao2003\AppData\Local\Programs\MiKTeX\tex/generic/iftex\iftex.sty
Package: iftex 2022/02/03 v1.0f TeX engine tests
)) (C:\Users\datdao2003\AppData\Local\Programs\MiKTeX\tex/latex/xkeyval\xkeyval.sty
Package: xkeyval 2022/06/16 v2.9 package option processing (HA)
 (C:\Users\datdao2003\AppData\Local\Programs\MiKTeX\tex/generic/xkeyval\xkeyval.tex (C:\Users\datdao2003\AppData\Local\Programs\MiKTeX\tex/generic/xkeyval\xkvutils.tex
\XKV@toks=\toks18
\XKV@tempa@toks=\toks19
 (C:\Users\datdao2003\AppData\Local\Programs\MiKTeX\tex/generic/xkeyval\keyval.tex))
\XKV@depth=\count270
File: xkeyval.tex 2014/12/03 v2.7a key=value parser (HA)
)){C:/Users/datdao2003/AppData/Local/MiKTeX/fonts/map/pdftex/pdftex.map}

pdfTeX warning: pdflatex (file t1-times.map): cannot open font map file


pdfTeX warning: pdflatex (file t1-formata.map): cannot open font map file


pdfTeX warning: pdflatex (file t1-giovannistd.map): cannot open font map file
\@draftversionrule=\dimen164
(C:\Users\datdao2003\AppData\Local\Programs\MiKTeX\tex/latex/graphics\color.sty
Package: color 2022/01/06 v1.3d Standard LaTeX Color (DPC)
 (C:\Users\datdao2003\AppData\Local\Programs\MiKTeX\tex/latex/graphics-cfg\color.cfg
File: color.cfg 2016/01/02 v1.6 sample color configuration
)
Package color Info: Driver file: pdftex.def on input line 149.
 (C:\Users\datdao2003\AppData\Local\Programs\MiKTeX\tex/latex/graphics-def\pdftex.def
File: pdftex.def 2024/04/13 v1.2c Graphics/color driver for pdftex
) (C:\Users\datdao2003\AppData\Local\Programs\MiKTeX\tex/latex/graphics\mathcolor.ltx))
Package color Info: Redefining color black on input line 134.
\figbox=\box53
\titlewidth=\skip51
\abstractwidth=\skip52
\c@addrCtr=\count271
\abstractbox=\box54
\indexbox=\box55
\absht=\dimen165
\kwdht=\dimen166
\@tempcntc=\count272
\titlepgskip=\skip53
\maketitlebox=\box56
) (C:\Users\datdao2003\AppData\Local\Programs\MiKTeX\tex/latex/cite\cite.sty
LaTeX Info: Redefining \cite on input line 302.
LaTeX Info: Redefining \nocite on input line 332.
Package: cite 2015/02/27  v 5.5
) (C:\Users\datdao2003\AppData\Local\Programs\MiKTeX\tex/latex/amsmath\amsmath.sty
Package: amsmath 2023/05/13 v2.17o AMS math features
\@mathmargin=\skip54

For additional information on amsmath, use the `?' option.
(C:\Users\datdao2003\AppData\Local\Programs\MiKTeX\tex/latex/amsmath\amstext.sty
Package: amstext 2021/08/26 v2.01 AMS text
 (C:\Users\datdao2003\AppData\Local\Programs\MiKTeX\tex/latex/amsmath\amsgen.sty
File: amsgen.sty 1999/11/30 v2.0 generic functions
\@emptytoks=\toks20
\ex@=\dimen167
)) (C:\Users\datdao2003\AppData\Local\Programs\MiKTeX\tex/latex/amsmath\amsbsy.sty
Package: amsbsy 1999/11/29 v1.2d Bold Symbols
\pmbraise@=\dimen168
) (C:\Users\datdao2003\AppData\Local\Programs\MiKTeX\tex/latex/amsmath\amsopn.sty
Package: amsopn 2022/04/08 v2.04 operator names
)
\inf@bad=\count273
LaTeX Info: Redefining \frac on input line 234.
\uproot@=\count274
\leftroot@=\count275
LaTeX Info: Redefining \overline on input line 399.
LaTeX Info: Redefining \colon on input line 410.
\classnum@=\count276
\DOTSCASE@=\count277
LaTeX Info: Redefining \ldots on input line 496.
LaTeX Info: Redefining \dots on input line 499.
LaTeX Info: Redefining \cdots on input line 620.
\Mathstrutbox@=\box57
\strutbox@=\box58
LaTeX Info: Redefining \big on input line 722.
LaTeX Info: Redefining \Big on input line 723.
LaTeX Info: Redefining \bigg on input line 724.
LaTeX Info: Redefining \Bigg on input line 725.
\big@size=\dimen169
LaTeX Font Info:    Redeclaring font encoding OML on input line 743.
LaTeX Font Info:    Redeclaring font encoding OMS on input line 744.
\macc@depth=\count278
LaTeX Info: Redefining \bmod on input line 905.
LaTeX Info: Redefining \pmod on input line 910.
LaTeX Info: Redefining \smash on input line 940.
LaTeX Info: Redefining \relbar on input line 970.
LaTeX Info: Redefining \Relbar on input line 971.
\c@MaxMatrixCols=\count279
\dotsspace@=\muskip16
\c@parentequation=\count280
\dspbrk@lvl=\count281
\tag@help=\toks21
\row@=\count282
\column@=\count283
\maxfields@=\count284
\andhelp@=\toks22
\eqnshift@=\dimen170
\alignsep@=\dimen171
\tagshift@=\dimen172
\tagwidth@=\dimen173
\totwidth@=\dimen174
\lineht@=\dimen175
\@envbody=\toks23
\multlinegap=\skip55
\multlinetaggap=\skip56
\mathdisplay@stack=\toks24
LaTeX Info: Redefining \[ on input line 2953.
LaTeX Info: Redefining \] on input line 2954.
) (C:\Users\datdao2003\AppData\Local\Programs\MiKTeX\tex/latex/amsfonts\amssymb.sty
Package: amssymb 2013/01/14 v3.01 AMS font symbols
 (C:\Users\datdao2003\AppData\Local\Programs\MiKTeX\tex/latex/amsfonts\amsfonts.sty
Package: amsfonts 2013/01/14 v3.01 Basic AMSFonts support
\symAMSa=\mathgroup4
\symAMSb=\mathgroup5
LaTeX Font Info:    Redeclaring math symbol \hbar on input line 98.
LaTeX Font Info:    Overwriting math alphabet `\mathfrak' in version `bold'
(Font)                  U/euf/m/n --> U/euf/b/n on input line 106.
)) (C:\Users\datdao2003\AppData\Local\Programs\MiKTeX\tex/latex/algorithms\algorithmic.sty
Package: algorithmic 2009/08/24 v0.1 Document Style `algorithmic'
 (C:\Users\datdao2003\AppData\Local\Programs\MiKTeX\tex/latex/base\ifthen.sty
Package: ifthen 2022/04/13 v1.1d Standard LaTeX ifthen package (DPC)
)
\c@ALC@unique=\count285
\c@ALC@line=\count286
\c@ALC@rem=\count287
\c@ALC@depth=\count288
\ALC@tlm=\skip57
\algorithmicindent=\skip58
) (C:\Users\datdao2003\AppData\Local\Programs\MiKTeX\tex/latex/graphics\graphicx.sty
Package: graphicx 2021/09/16 v1.2d Enhanced LaTeX Graphics (DPC,SPQR)
 (C:\Users\datdao2003\AppData\Local\Programs\MiKTeX\tex/latex/graphics\graphics.sty
Package: graphics 2022/03/10 v1.4e Standard LaTeX Graphics (DPC,SPQR)
 (C:\Users\datdao2003\AppData\Local\Programs\MiKTeX\tex/latex/graphics\trig.sty
Package: trig 2021/08/11 v1.11 sin cos tan (DPC)
) (C:\Users\datdao2003\AppData\Local\Programs\MiKTeX\tex/latex/graphics-cfg\graphics.cfg
File: graphics.cfg 2016/06/04 v1.11 sample graphics configuration
)
Package graphics Info: Driver file: pdftex.def on input line 107.
)
\Gin@req@height=\dimen176
\Gin@req@width=\dimen177
) (C:\Users\datdao2003\AppData\Local\Programs\MiKTeX\tex/latex/base\textcomp.sty
Package: textcomp 2020/02/02 v2.0n Standard LaTeX package
) (C:\Users\datdao2003\AppData\Local\Programs\MiKTeX\tex/latex/tools\array.sty
Package: array 2023/10/16 v2.5g Tabular extension package (FMi)
\col@sep=\dimen178
\ar@mcellbox=\box59
\extrarowheight=\dimen179
\NC@list=\toks25
\extratabsurround=\skip59
\backup@length=\skip60
\ar@cellbox=\box60
) (C:\Users\datdao2003\AppData\Local\Programs\MiKTeX\tex/latex/xcolor\xcolor.sty
Package: xcolor 2023/11/15 v3.01 LaTeX color extensions (UK)
 (C:\Users\datdao2003\AppData\Local\Programs\MiKTeX\tex/latex/graphics-cfg\color.cfg
File: color.cfg 2016/01/02 v1.6 sample color configuration
)
Package xcolor Info: Driver file: pdftex.def on input line 274.
LaTeX Info: Redefining \color on input line 758.
 (C:\Users\datdao2003\AppData\Local\Programs\MiKTeX\tex/latex/graphics\mathcolor.ltx)
Package xcolor Info: Model `cmy' substituted by `cmy0' on input line 1350.
Package xcolor Info: Model `hsb' substituted by `rgb' on input line 1354.
Package xcolor Info: Model `RGB' extended on input line 1366.
Package xcolor Info: Model `HTML' substituted by `rgb' on input line 1368.
Package xcolor Info: Model `Hsb' substituted by `hsb' on input line 1369.
Package xcolor Info: Model `tHsb' substituted by `hsb' on input line 1370.
Package xcolor Info: Model `HSB' substituted by `hsb' on input line 1371.
Package xcolor Info: Model `Gray' substituted by `gray' on input line 1372.
Package xcolor Info: Model `wave' substituted by `hsb' on input line 1373.
) (C:\Users\datdao2003\AppData\Local\Programs\MiKTeX\tex/latex/colortbl\colortbl.sty
Package: colortbl 2024/05/26 v1.0h Color table columns (DPC)
\everycr=\toks26
\minrowclearance=\skip61
\rownum=\count289
) (C:\Users\datdao2003\AppData\Local\Programs\MiKTeX\tex/latex/multirow\multirow.sty
Package: multirow 2021/03/15 v2.8 Span multiple rows of a table
\multirow@colwidth=\skip62
\multirow@cntb=\count290
\multirow@dima=\skip63
\bigstrutjot=\dimen180
) (C:\Users\datdao2003\AppData\Local\Programs\MiKTeX\tex/latex/tools\multicol.sty
Package: multicol 2023/03/30 v1.9f multicolumn formatting (FMi)
\c@tracingmulticols=\count291
\mult@box=\box61
\multicol@leftmargin=\dimen181
\c@unbalance=\count292
\c@collectmore=\count293
\doublecol@number=\count294
\multicoltolerance=\count295
\multicolpretolerance=\count296
\full@width=\dimen182
\page@free=\dimen183
\premulticols=\dimen184
\postmulticols=\dimen185
\multicolsep=\skip64
\multicolbaselineskip=\skip65
\partial@page=\box62
\last@line=\box63
\mc@boxedresult=\box64
\maxbalancingoverflow=\dimen186
\mult@rightbox=\box65
\mult@grightbox=\box66
\mult@firstbox=\box67
\mult@gfirstbox=\box68
\@tempa=\box69
\@tempa=\box70
\@tempa=\box71
\@tempa=\box72
\@tempa=\box73
\@tempa=\box74
\@tempa=\box75
\@tempa=\box76
\@tempa=\box77
\@tempa=\box78
\@tempa=\box79
\@tempa=\box80
\@tempa=\box81
\@tempa=\box82
\@tempa=\box83
\@tempa=\box84
\@tempa=\box85
\@tempa=\box86
\@tempa=\box87
\@tempa=\box88
\@tempa=\box89
\@tempa=\box90
\@tempa=\box91
\@tempa=\box92
\@tempa=\box93
\@tempa=\box94
\@tempa=\box95
\@tempa=\box96
\@tempa=\box97
\@tempa=\box98
\@tempa=\box99
\@tempa=\box100
\@tempa=\box101
\@tempa=\box102
\@tempa=\box103
\@tempa=\box104
\c@minrows=\count297
\c@columnbadness=\count298
\c@finalcolumnbadness=\count299
\last@try=\dimen187
\multicolovershoot=\dimen188
\multicolundershoot=\dimen189
\mult@nat@firstbox=\box105
\colbreak@box=\box106
\mc@col@check@num=\count300
) (C:\Users\datdao2003\AppData\Local\Programs\MiKTeX\tex/latex/float\float.sty
Package: float 2001/11/08 v1.3d Float enhancements (AL)
\c@float@type=\count301
\float@exts=\toks27
\float@box=\box107
\@float@everytoks=\toks28
\@floatcapt=\box108
) (C:\Users\datdao2003\AppData\Local\Programs\MiKTeX\tex/latex/booktabs\booktabs.sty
Package: booktabs 2020/01/12 v1.61803398 Publication quality tables
\heavyrulewidth=\dimen190
\lightrulewidth=\dimen191
\cmidrulewidth=\dimen192
\belowrulesep=\dimen193
\belowbottomsep=\dimen194
\aboverulesep=\dimen195
\abovetopsep=\dimen196
\cmidrulesep=\dimen197
\cmidrulekern=\dimen198
\defaultaddspace=\dimen199
\@cmidla=\count302
\@cmidlb=\count303
\@aboverulesep=\dimen256
\@belowrulesep=\dimen257
\@thisruleclass=\count304
\@lastruleclass=\count305
\@thisrulewidth=\dimen258
) (C:\Users\datdao2003\AppData\Local\Programs\MiKTeX\tex/latex/l3backend\l3backend-pdftex.def
File: l3backend-pdftex.def 2024-04-11 L3 backend support: PDF output (pdfTeX)
\l__color_backend_stack_int=\count306
\l__pdf_internal_box=\box109
) (TemplatePaper.aux

LaTeX Warning: Label `fig:1' multiply defined.


LaTeX Warning: Label `fig:2' multiply defined.


LaTeX Warning: Label `fig:1' multiply defined.


LaTeX Warning: Label `fig:2' multiply defined.

)
\openout1 = `TemplatePaper.aux'.

LaTeX Font Info:    Checking defaults for OML/cmm/m/it on input line 17.
LaTeX Font Info:    ... okay on input line 17.
LaTeX Font Info:    Checking defaults for OMS/cmsy/m/n on input line 17.
LaTeX Font Info:    ... okay on input line 17.
LaTeX Font Info:    Checking defaults for OT1/cmr/m/n on input line 17.
LaTeX Font Info:    ... okay on input line 17.
LaTeX Font Info:    Checking defaults for T1/cmr/m/n on input line 17.
LaTeX Font Info:    ... okay on input line 17.
LaTeX Font Info:    Checking defaults for TS1/cmr/m/n on input line 17.
LaTeX Font Info:    ... okay on input line 17.
LaTeX Font Info:    Checking defaults for OMX/cmex/m/n on input line 17.
LaTeX Font Info:    ... okay on input line 17.
LaTeX Font Info:    Checking defaults for U/cmr/m/n on input line 17.
LaTeX Font Info:    ... okay on input line 17.

-- Lines per column: 56 (exact).
LaTeX Font Info:    Trying to load font information for T1+ptm on input line 17.
(C:\Users\datdao2003\AppData\Local\Programs\MiKTeX\tex/latex/psnfss\t1ptm.fd
File: t1ptm.fd 2001/06/04 font definitions for T1/ptm.
)

LaTeX Font Warning: Font shape `T1/ptm/n/n' undefined
(Font)              using `T1/ptm/m/n' instead on input line 17.

(C:\Users\datdao2003\AppData\Local\Programs\MiKTeX\tex/context/base/mkii\supp-pdf.mkii
[Loading MPS to PDF converter (version 2006.09.02).]
\scratchcounter=\count307
\scratchdimen=\dimen259
\scratchbox=\box110
\nofMPsegments=\count308
\nofMParguments=\count309
\everyMPshowfont=\toks29
\MPscratchCnt=\count310
\MPscratchDim=\dimen260
\MPnumerator=\count311
\makeMPintoPDFobject=\count312
\everyMPtoPDFconversion=\toks30
) (C:\Users\datdao2003\AppData\Local\Programs\MiKTeX\tex/latex/epstopdf-pkg\epstopdf-base.sty
Package: epstopdf-base 2020-01-24 v2.11 Base part for package epstopdf
Package epstopdf-base Info: Redefining graphics rule for `.eps' on input line 485.
 (C:\Users\datdao2003\AppData\Local\Programs\MiKTeX\tex/latex/00miktex\epstopdf-sys.cfg
File: epstopdf-sys.cfg 2021/03/18 v2.0 Configuration of epstopdf for MiKTeX
))

Package xcolor Warning: Incompatible color definition on input line 32.

LaTeX Font Info:    Trying to load font information for T1+phv on input line 32.
(C:\Users\datdao2003\AppData\Local\Programs\MiKTeX\tex/latex/psnfss\t1phv.fd
File: t1phv.fd 2020/03/25 scalable font definitions for T1/phv.
)

LaTeX Font Warning: Font shape `T1/phv/n/n' undefined
(Font)              using `T1/phv/m/n' instead on input line 32.


Package xcolor Warning: Incompatible color definition on input line 36.


Package xcolor Warning: Incompatible color definition on input line 42.

LaTeX Font Info:    Calculating math sizes for size <9.9> on input line 42.
LaTeX Font Info:    Trying to load font information for U+msa on input line 42.
(C:\Users\datdao2003\AppData\Local\Programs\MiKTeX\tex/latex/amsfonts\umsa.fd
File: umsa.fd 2013/01/14 v3.01 AMS symbols A
)
LaTeX Font Info:    Trying to load font information for U+msb on input line 42.
 (C:\Users\datdao2003\AppData\Local\Programs\MiKTeX\tex/latex/amsfonts\umsb.fd
File: umsb.fd 2013/01/14 v3.01 AMS symbols B
)
LaTeX Font Info:    Calculating math sizes for size <6.6> on input line 42.


Package xcolor Warning: Incompatible color definition on input line 44.

<bibliography/Logo_HTTT.png, id=1, 469.755pt x 469.755pt>
File: bibliography/Logo_HTTT.png Graphic file (type png)
<use bibliography/Logo_HTTT.png>
Package pdftex.def Info: bibliography/Logo_HTTT.png  used on input line 55.
(pdftex.def)             Requested size: 46.92004pt x 46.91374pt.

Overfull \hbox (1.90002pt too wide) has occurred while \output is active
[] 
 []


Overfull \hbox (505.12177pt too wide) has occurred while \output is active
[]
 []


Overfull \hbox (505.12177pt too wide) has occurred while \output is active
[]
 []


Overfull \hbox (505.12177pt too wide) has occurred while \output is active
[]
 []


Underfull \hbox (badness 10000) has occurred while \output is active
[]
 []

[1{C:/Users/datdao2003/AppData/Local/Programs/MiKTeX/fonts/enc/dvips/base/8r.enc}


 <./bibliography/Logo_HTTT.png>]

Package xcolor Warning: Incompatible color definition on input line 55.


Package xcolor Warning: Incompatible color definition on input line 63.


Package xcolor Warning: Incompatible color definition on input line 64.


Package xcolor Warning: Incompatible color definition on input line 76.


Package xcolor Warning: Incompatible color definition on input line 79.


Overfull \hbox (11.11783pt too wide) in paragraph at lines 80--99
 [][] 
 []

<bibliography/Figure/FPT_Boxplot.png, id=12, 633.0852pt x 381.5856pt>
File: bibliography/Figure/FPT_Boxplot.png Graphic file (type png)
<use bibliography/Figure/FPT_Boxplot.png>
Package pdftex.def Info: bibliography/Figure/FPT_Boxplot.png  used on input line 104.
(pdftex.def)             Requested size: 116.17584pt x 70.02162pt.

Package xcolor Warning: Incompatible color definition on input line 105.


Package xcolor Warning: Incompatible color definition on input line 105.

<bibliography/Figure/FPT_histogram.png, id=13, 616.4631pt x 395.3169pt>
File: bibliography/Figure/FPT_histogram.png Graphic file (type png)
<use bibliography/Figure/FPT_histogram.png>
Package pdftex.def Info: bibliography/Figure/FPT_histogram.png  used on input line 111.
(pdftex.def)             Requested size: 116.17584pt x 74.49571pt.

Package xcolor Warning: Incompatible color definition on input line 112.


Package xcolor Warning: Incompatible color definition on input line 112.

<bibliography/Figure/ITD_Boxplot.png, id=14, 627.3036pt x 381.5856pt>
File: bibliography/Figure/ITD_Boxplot.png Graphic file (type png)
<use bibliography/Figure/ITD_Boxplot.png>
Package pdftex.def Info: bibliography/Figure/ITD_Boxplot.png  used on input line 120.
(pdftex.def)             Requested size: 116.17584pt x 70.66791pt.

Package xcolor Warning: Incompatible color definition on input line 121.


Package xcolor Warning: Incompatible color definition on input line 121.

<bibliography/Figure/ITD_histogram.png, id=15, 622.9674pt x 395.3169pt>
File: bibliography/Figure/ITD_histogram.png Graphic file (type png)
<use bibliography/Figure/ITD_histogram.png>
Package pdftex.def Info: bibliography/Figure/ITD_histogram.png  used on input line 127.
(pdftex.def)             Requested size: 116.17584pt x 73.71758pt.

Package xcolor Warning: Incompatible color definition on input line 128.


Package xcolor Warning: Incompatible color definition on input line 128.

<bibliography/Figure/CMG_Boxplot.png, id=16, 627.3036pt x 381.5856pt>
File: bibliography/Figure/CMG_Boxplot.png Graphic file (type png)
<use bibliography/Figure/CMG_Boxplot.png>
Package pdftex.def Info: bibliography/Figure/CMG_Boxplot.png  used on input line 137.
(pdftex.def)             Requested size: 116.17584pt x 70.66791pt.

Package xcolor Warning: Incompatible color definition on input line 138.


Package xcolor Warning: Incompatible color definition on input line 138.

<bibliography/Figure/CMG_histogram.png, id=17, 614.295pt x 395.3169pt>
File: bibliography/Figure/CMG_histogram.png Graphic file (type png)
<use bibliography/Figure/CMG_histogram.png>
Package pdftex.def Info: bibliography/Figure/CMG_histogram.png  used on input line 144.
(pdftex.def)             Requested size: 116.17584pt x 74.76112pt.

Package xcolor Warning: Incompatible color definition on input line 145.


Package xcolor Warning: Incompatible color definition on input line 145.

File: bibliography/Logo_HTTT.png Graphic file (type png)
<use bibliography/Logo_HTTT.png>
Package pdftex.def Info: bibliography/Logo_HTTT.png  used on input line 149.
(pdftex.def)             Requested size: 24.11993pt x 24.11989pt.

Overfull \hbox (505.12177pt too wide) has occurred while \output is active
[]
 []


Overfull \hbox (505.12177pt too wide) has occurred while \output is active
[]
 []


Underfull \hbox (badness 10000) has occurred while \output is active
[]
 []

[2 <./bibliography/Figure/FPT_Boxplot.png> <./bibliography/Figure/FPT_histogram.png> <./bibliography/Figure/ITD_Boxplot.png> <./bibliography/Figure/ITD_histogram.png>]

Package xcolor Warning: Incompatible color definition on input line 149.


Package xcolor Warning: Incompatible color definition on input line 150.


<<<<<<< HEAD
Package xcolor Warning: Incompatible color definition on input line 168.


Package xcolor Warning: Incompatible color definition on input line 195.


Package xcolor Warning: Incompatible color definition on input line 221.
=======
Package xcolor Warning: Incompatible color definition on input line 206.


Package xcolor Warning: Incompatible color definition on input line 232.
>>>>>>> main

<bibliography/Figure/RNN_overview.png, id=28, 683.55376pt x 205.76875pt>
File: bibliography/Figure/RNN_overview.png Graphic file (type png)
<use bibliography/Figure/RNN_overview.png>
<<<<<<< HEAD
Package pdftex.def Info: bibliography/Figure/RNN_overview.png  used on input line 225.
(pdftex.def)             Requested size: 252.56088pt x 76.02649pt.

Overfull \hbox (9.88733pt too wide) in paragraph at lines 225--226
=======
Package pdftex.def Info: bibliography/Figure/RNN_overview.png  used on input line 236.
(pdftex.def)             Requested size: 252.56088pt x 76.02649pt.

Overfull \hbox (9.88733pt too wide) in paragraph at lines 236--237
>>>>>>> main
 [][] 
 []


<<<<<<< HEAD
Package xcolor Warning: Incompatible color definition on input line 226.


Package xcolor Warning: Incompatible color definition on input line 226.

File: bibliography/Logo_HTTT.png Graphic file (type png)
<use bibliography/Logo_HTTT.png>
Package pdftex.def Info: bibliography/Logo_HTTT.png  used on input line 228.
=======
Package xcolor Warning: Incompatible color definition on input line 237.


Package xcolor Warning: Incompatible color definition on input line 237.

File: bibliography/Logo_HTTT.png Graphic file (type png)
<use bibliography/Logo_HTTT.png>
Package pdftex.def Info: bibliography/Logo_HTTT.png  used on input line 239.
>>>>>>> main
(pdftex.def)             Requested size: 24.11993pt x 24.11989pt.

Overfull \hbox (505.12177pt too wide) has occurred while \output is active
[]
 []


Overfull \hbox (505.12177pt too wide) has occurred while \output is active
[]
 []


Underfull \hbox (badness 10000) has occurred while \output is active
[]
 []

[3 <./bibliography/Figure/CMG_Boxplot.png> <./bibliography/Figure/CMG_histogram.png>]
<bibliography/Figure/What-is-Recurrent-Neural-Network.jpg, id=39, 1003.75pt x 501.875pt>
File: bibliography/Figure/What-is-Recurrent-Neural-Network.jpg Graphic file (type jpg)
<use bibliography/Figure/What-is-Recurrent-Neural-Network.jpg>
<<<<<<< HEAD
Package pdftex.def Info: bibliography/Figure/What-is-Recurrent-Neural-Network.jpg  used on input line 233.
(pdftex.def)             Requested size: 252.56088pt x 126.28018pt.

Overfull \hbox (9.88733pt too wide) in paragraph at lines 233--234
=======
Package pdftex.def Info: bibliography/Figure/What-is-Recurrent-Neural-Network.jpg  used on input line 244.
(pdftex.def)             Requested size: 252.56088pt x 126.28018pt.

Overfull \hbox (9.88733pt too wide) in paragraph at lines 244--245
>>>>>>> main
 [][] 
 []


<<<<<<< HEAD
Package xcolor Warning: Incompatible color definition on input line 234.


Package xcolor Warning: Incompatible color definition on input line 234.


Package xcolor Warning: Incompatible color definition on input line 239.
=======
Package xcolor Warning: Incompatible color definition on input line 245.


Package xcolor Warning: Incompatible color definition on input line 245.


Package xcolor Warning: Incompatible color definition on input line 250.
>>>>>>> main

<bibliography/Figure/LSTM _structure.png, id=40, 1042.89626pt x 527.9725pt>
File: bibliography/Figure/LSTM _structure.png Graphic file (type png)
<use bibliography/Figure/LSTM _structure.png>
<<<<<<< HEAD
Package pdftex.def Info: bibliography/Figure/LSTM _structure.png  used on input line 243.
(pdftex.def)             Requested size: 252.56088pt x 127.85997pt.

Overfull \hbox (9.88733pt too wide) in paragraph at lines 243--244
=======
Package pdftex.def Info: bibliography/Figure/LSTM _structure.png  used on input line 254.
(pdftex.def)             Requested size: 252.56088pt x 127.85997pt.

Overfull \hbox (9.88733pt too wide) in paragraph at lines 254--255
>>>>>>> main
 [][] 
 []


<<<<<<< HEAD
Package xcolor Warning: Incompatible color definition on input line 244.


Package xcolor Warning: Incompatible color definition on input line 244.


Package xcolor Warning: Incompatible color definition on input line 281.
=======
Package xcolor Warning: Incompatible color definition on input line 255.


Package xcolor Warning: Incompatible color definition on input line 255.


Package xcolor Warning: Incompatible color definition on input line 292.
>>>>>>> main

<bibliography/Figure/GRU.png, id=41, 467.24562pt x 251.94125pt>
File: bibliography/Figure/GRU.png Graphic file (type png)
<use bibliography/Figure/GRU.png>
<<<<<<< HEAD
Package pdftex.def Info: bibliography/Figure/GRU.png  used on input line 285.
(pdftex.def)             Requested size: 252.56088pt x 136.18463pt.

Overfull \hbox (9.88733pt too wide) in paragraph at lines 285--286
=======
Package pdftex.def Info: bibliography/Figure/GRU.png  used on input line 296.
(pdftex.def)             Requested size: 252.56088pt x 136.18463pt.

Overfull \hbox (9.88733pt too wide) in paragraph at lines 296--297
>>>>>>> main
 [][] 
 []


<<<<<<< HEAD
Package xcolor Warning: Incompatible color definition on input line 286.


Package xcolor Warning: Incompatible color definition on input line 286.

File: bibliography/Logo_HTTT.png Graphic file (type png)
<use bibliography/Logo_HTTT.png>
Package pdftex.def Info: bibliography/Logo_HTTT.png  used on input line 289.
=======
Package xcolor Warning: Incompatible color definition on input line 297.


Package xcolor Warning: Incompatible color definition on input line 297.

File: bibliography/Logo_HTTT.png Graphic file (type png)
<use bibliography/Logo_HTTT.png>
Package pdftex.def Info: bibliography/Logo_HTTT.png  used on input line 299.
>>>>>>> main
(pdftex.def)             Requested size: 24.11993pt x 24.11989pt.

Overfull \hbox (505.12177pt too wide) has occurred while \output is active
[]
 []


Overfull \hbox (505.12177pt too wide) has occurred while \output is active
[]
 []


Underfull \hbox (badness 10000) has occurred while \output is active
[]
 []

[4 <./bibliography/Figure/RNN_overview.png> <./bibliography/Figure/What-is-Recurrent-Neural-Network.jpg> <./bibliography/Figure/LSTM _structure.png>]

<<<<<<< HEAD
Package xcolor Warning: Incompatible color definition on input line 309.


Package xcolor Warning: Incompatible color definition on input line 313.


Package xcolor Warning: Incompatible color definition on input line 327.
=======
Package xcolor Warning: Incompatible color definition on input line 320.


Package xcolor Warning: Incompatible color definition on input line 325.
>>>>>>> main


Package xcolor Warning: Incompatible color definition on input line 340.


Package xcolor Warning: Incompatible color definition on input line 353.


<<<<<<< HEAD
Package xcolor Warning: Incompatible color definition on input line 372.

<bibliography/Figure/Illu_DLinear.png, id=47, 284.39583pt x 66.91667pt>
File: bibliography/Figure/Illu_DLinear.png Graphic file (type png)
<use bibliography/Figure/Illu_DLinear.png>
Package pdftex.def Info: bibliography/Figure/Illu_DLinear.png  used on input line 381.
(pdftex.def)             Requested size: 252.56088pt x 59.42697pt.

Overfull \hbox (9.88733pt too wide) in paragraph at lines 381--382
 [][] 
 []


Package xcolor Warning: Incompatible color definition on input line 382.


Package xcolor Warning: Incompatible color definition on input line 382.

File: bibliography/Logo_HTTT.png Graphic file (type png)
<use bibliography/Logo_HTTT.png>
Package pdftex.def Info: bibliography/Logo_HTTT.png  used on input line 385.
=======
Package xcolor Warning: Incompatible color definition on input line 365.


Package xcolor Warning: Incompatible color definition on input line 382.

File: bibliography/Logo_HTTT.png Graphic file (type png)
<use bibliography/Logo_HTTT.png>
Package pdftex.def Info: bibliography/Logo_HTTT.png  used on input line 388.
>>>>>>> main
(pdftex.def)             Requested size: 24.11993pt x 24.11989pt.

Overfull \hbox (505.12177pt too wide) has occurred while \output is active
[]
 []


Overfull \hbox (505.12177pt too wide) has occurred while \output is active
[]
 []


Underfull \hbox (badness 10000) has occurred while \output is active
[]
 []

[5 <./bibliography/Figure/GRU.png>]
<bibliography/Figure/Illu_DLinear.png, id=55, 284.39583pt x 66.91667pt>
File: bibliography/Figure/Illu_DLinear.png Graphic file (type png)
<use bibliography/Figure/Illu_DLinear.png>
Package pdftex.def Info: bibliography/Figure/Illu_DLinear.png  used on input line 391.
(pdftex.def)             Requested size: 252.56088pt x 59.42697pt.

<<<<<<< HEAD
Package xcolor Warning: Incompatible color definition on input line 388.


Package xcolor Warning: Incompatible color definition on input line 402.


Package xcolor Warning: Incompatible color definition on input line 420.


Package xcolor Warning: Incompatible color definition on input line 432.


Package xcolor Warning: Incompatible color definition on input line 451.


Package xcolor Warning: Incompatible color definition on input line 453.


Overfull \hbox (1.54726pt too wide) in paragraph at lines 463--463
=======
Overfull \hbox (9.88733pt too wide) in paragraph at lines 391--392
 [][] 
 []


Package xcolor Warning: Incompatible color definition on input line 392.


Package xcolor Warning: Incompatible color definition on input line 392.


Package xcolor Warning: Incompatible color definition on input line 398.


Package xcolor Warning: Incompatible color definition on input line 412.


Package xcolor Warning: Incompatible color definition on input line 421.


Package xcolor Warning: Incompatible color definition on input line 427.


Package xcolor Warning: Incompatible color definition on input line 446.


Package xcolor Warning: Incompatible color definition on input line 448.


Overfull \hbox (1.54726pt too wide) in paragraph at lines 458--458
>>>>>>> main
[]|\T1/ptm/m/n/8 4776.167| 
 []


<<<<<<< HEAD
Overfull \hbox (1.54726pt too wide) in paragraph at lines 463--463
=======
Overfull \hbox (1.54726pt too wide) in paragraph at lines 458--458
>>>>>>> main
[]|\T1/ptm/m/n/8 3242.941| 
 []


<<<<<<< HEAD
Overfull \hbox (1.54726pt too wide) in paragraph at lines 465--465
=======
Overfull \hbox (1.54726pt too wide) in paragraph at lines 460--460
>>>>>>> main
[]|\T1/ptm/m/n/8 5613.133| 
 []


<<<<<<< HEAD
Overfull \hbox (1.54726pt too wide) in paragraph at lines 465--465
=======
Overfull \hbox (1.54726pt too wide) in paragraph at lines 460--460
>>>>>>> main
[]|\T1/ptm/m/n/8 2972.978| 
 []


<<<<<<< HEAD
Overfull \hbox (1.54726pt too wide) in paragraph at lines 467--467
=======
Overfull \hbox (1.54726pt too wide) in paragraph at lines 462--462
>>>>>>> main
[]|\T1/ptm/m/n/8 7630.459| 
 []


<<<<<<< HEAD
Overfull \hbox (1.54726pt too wide) in paragraph at lines 467--467
=======
Overfull \hbox (1.54726pt too wide) in paragraph at lines 462--462
>>>>>>> main
[]|\T1/ptm/m/n/8 4249.712| 
 []


<<<<<<< HEAD
Overfull \hbox (1.54726pt too wide) in paragraph at lines 471--471
=======
Overfull \hbox (1.54726pt too wide) in paragraph at lines 466--466
>>>>>>> main
[]|\T1/ptm/m/n/8 5590.559| 
 []


<<<<<<< HEAD
Overfull \hbox (1.54726pt too wide) in paragraph at lines 471--471
=======
Overfull \hbox (1.54726pt too wide) in paragraph at lines 466--466
>>>>>>> main
[]|\T1/ptm/m/n/8 3396.414| 
 []


<<<<<<< HEAD
Overfull \hbox (1.54726pt too wide) in paragraph at lines 473--473
=======
Overfull \hbox (1.54726pt too wide) in paragraph at lines 468--468
>>>>>>> main
[]|\T1/ptm/m/n/8 7949.917| 
 []


<<<<<<< HEAD
Overfull \hbox (1.54726pt too wide) in paragraph at lines 473--473
=======
Overfull \hbox (1.54726pt too wide) in paragraph at lines 468--468
>>>>>>> main
[]|\T1/ptm/m/n/8 5917.192| 
 []


<<<<<<< HEAD
Overfull \hbox (1.54726pt too wide) in paragraph at lines 475--475
=======
Overfull \hbox (1.54726pt too wide) in paragraph at lines 470--470
>>>>>>> main
[]|\T1/ptm/m/n/8 8392.384| 
 []


<<<<<<< HEAD
Overfull \hbox (1.54726pt too wide) in paragraph at lines 475--475
=======
Overfull \hbox (1.54726pt too wide) in paragraph at lines 470--470
>>>>>>> main
[]|\T1/ptm/m/n/8 5363.964| 
 []


<<<<<<< HEAD
Overfull \hbox (1.54726pt too wide) in paragraph at lines 479--479
=======
Overfull \hbox (1.54726pt too wide) in paragraph at lines 474--474
>>>>>>> main
[]|\T1/ptm/m/n/8 4790.479| 
 []


<<<<<<< HEAD
Overfull \hbox (1.54726pt too wide) in paragraph at lines 479--479
=======
Overfull \hbox (1.54726pt too wide) in paragraph at lines 474--474
>>>>>>> main
[]|\T1/ptm/m/n/8 3368.235| 
 []


<<<<<<< HEAD
Overfull \hbox (1.54726pt too wide) in paragraph at lines 481--481
=======
Overfull \hbox (1.54726pt too wide) in paragraph at lines 476--476
>>>>>>> main
[]|\T1/ptm/m/n/8 1606.532| 
 []


<<<<<<< HEAD
Overfull \hbox (1.54726pt too wide) in paragraph at lines 481--481
=======
Overfull \hbox (1.54726pt too wide) in paragraph at lines 476--476
>>>>>>> main
[]|\T1/ptm/m/n/8 1266.783| 
 []


<<<<<<< HEAD
Overfull \hbox (1.54726pt too wide) in paragraph at lines 483--483
=======
Overfull \hbox (1.54726pt too wide) in paragraph at lines 478--478
>>>>>>> main
[]|\T1/ptm/m/n/8 1880.078| 
 []


<<<<<<< HEAD
Overfull \hbox (1.54726pt too wide) in paragraph at lines 483--483
=======
Overfull \hbox (1.54726pt too wide) in paragraph at lines 478--478
>>>>>>> main
[]|\T1/ptm/m/n/8 1333.986| 
 []


<<<<<<< HEAD
Overfull \hbox (1.54726pt too wide) in paragraph at lines 487--487
=======
Overfull \hbox (1.54726pt too wide) in paragraph at lines 482--482
>>>>>>> main
[]|\T1/ptm/m/n/8 1310.051| 
 []


<<<<<<< HEAD
Overfull \hbox (1.54726pt too wide) in paragraph at lines 489--489
=======
Overfull \hbox (1.54726pt too wide) in paragraph at lines 484--484
>>>>>>> main
[]|\T1/ptm/m/n/8 1434.569| 
 []


<<<<<<< HEAD
Overfull \hbox (1.54726pt too wide) in paragraph at lines 491--491
=======
Overfull \hbox (1.54726pt too wide) in paragraph at lines 486--486
>>>>>>> main
[]|\T1/ptm/m/n/8 1899.021| 
 []


<<<<<<< HEAD
Overfull \hbox (1.54726pt too wide) in paragraph at lines 491--491
=======
Overfull \hbox (1.54726pt too wide) in paragraph at lines 486--486
>>>>>>> main
[]|\T1/ptm/m/n/8 1241.602| 
 []


<<<<<<< HEAD
Overfull \hbox (1.54726pt too wide) in paragraph at lines 495--495
=======
Overfull \hbox (1.54726pt too wide) in paragraph at lines 490--490
>>>>>>> main
[]|\T1/ptm/m/n/8 1256.333| 
 []


<<<<<<< HEAD
Overfull \hbox (1.54726pt too wide) in paragraph at lines 497--497
=======
Overfull \hbox (1.54726pt too wide) in paragraph at lines 492--492
>>>>>>> main
[]|\T1/ptm/m/n/8 1636.782| 
 []


<<<<<<< HEAD
Overfull \hbox (1.54726pt too wide) in paragraph at lines 497--497
=======
Overfull \hbox (1.54726pt too wide) in paragraph at lines 492--492
>>>>>>> main
[]|\T1/ptm/m/n/8 1039.329| 
 []


<<<<<<< HEAD
Overfull \hbox (1.54726pt too wide) in paragraph at lines 499--499
=======
Overfull \hbox (1.54726pt too wide) in paragraph at lines 494--494
>>>>>>> main
[]|\T1/ptm/m/n/8 1901.258| 
 []


<<<<<<< HEAD
Overfull \hbox (1.54726pt too wide) in paragraph at lines 499--499
=======
Overfull \hbox (1.54726pt too wide) in paragraph at lines 494--494
>>>>>>> main
[]|\T1/ptm/m/n/8 1256.691| 
 []


<<<<<<< HEAD
Overfull \hbox (1.54726pt too wide) in paragraph at lines 503--503
=======
Overfull \hbox (1.54726pt too wide) in paragraph at lines 498--498
>>>>>>> main
[]|\T1/ptm/m/n/8 1455.690| 
 []


<<<<<<< HEAD
Overfull \hbox (1.54726pt too wide) in paragraph at lines 505--505
=======
Overfull \hbox (1.54726pt too wide) in paragraph at lines 500--500
>>>>>>> main
[]|\T1/ptm/m/n/8 1687.759| 
 []


<<<<<<< HEAD
Overfull \hbox (1.54726pt too wide) in paragraph at lines 505--505
=======
Overfull \hbox (1.54726pt too wide) in paragraph at lines 500--500
>>>>>>> main
[]|\T1/ptm/m/n/8 1013.020| 
 []


<<<<<<< HEAD
Overfull \hbox (1.54726pt too wide) in paragraph at lines 507--507
=======
Overfull \hbox (1.54726pt too wide) in paragraph at lines 502--502
>>>>>>> main
[]|\T1/ptm/m/n/8 1975.455| 
 []


<<<<<<< HEAD
Overfull \hbox (1.54726pt too wide) in paragraph at lines 507--507
=======
Overfull \hbox (1.54726pt too wide) in paragraph at lines 502--502
>>>>>>> main
[]|\T1/ptm/m/n/8 1264.345| 
 []


<<<<<<< HEAD
Overfull \hbox (1.54726pt too wide) in paragraph at lines 511--511
=======
Overfull \hbox (1.54726pt too wide) in paragraph at lines 506--506
>>>>>>> main
[]|\T1/ptm/m/n/8 4805.334| 
 []


<<<<<<< HEAD
Overfull \hbox (1.54726pt too wide) in paragraph at lines 511--511
=======
Overfull \hbox (1.54726pt too wide) in paragraph at lines 506--506
>>>>>>> main
[]|\T1/ptm/m/n/8 1856.740| 
 []


<<<<<<< HEAD
Overfull \hbox (1.54726pt too wide) in paragraph at lines 513--513
=======
Overfull \hbox (1.54726pt too wide) in paragraph at lines 508--508
>>>>>>> main
[]|\T1/ptm/m/n/8 5885.479| 
 []


<<<<<<< HEAD
Overfull \hbox (1.54726pt too wide) in paragraph at lines 513--513
=======
Overfull \hbox (1.54726pt too wide) in paragraph at lines 508--508
>>>>>>> main
[]|\T1/ptm/m/n/8 2586.670| 
 []


<<<<<<< HEAD
Overfull \hbox (1.54726pt too wide) in paragraph at lines 515--515
=======
Overfull \hbox (1.54726pt too wide) in paragraph at lines 510--510
>>>>>>> main
[]|\T1/ptm/m/n/8 8742.394| 
 []


<<<<<<< HEAD
Overfull \hbox (1.54726pt too wide) in paragraph at lines 515--515
=======
Overfull \hbox (1.54726pt too wide) in paragraph at lines 510--510
>>>>>>> main
[]|\T1/ptm/m/n/8 5095.510| 
 []


<<<<<<< HEAD
Overfull \hbox (1.54726pt too wide) in paragraph at lines 523--523
[]|\T1/ptm/b/n/8 1294.638| 
 []


Package xcolor Warning: Incompatible color definition on input line 526.

File: bibliography/Logo_HTTT.png Graphic file (type png)
<use bibliography/Logo_HTTT.png>
Package pdftex.def Info: bibliography/Logo_HTTT.png  used on input line 529.
=======
Overfull \hbox (1.54726pt too wide) in paragraph at lines 518--518
[]|\T1/ptm/m/n/8 1294.638| 
 []


Package xcolor Warning: Incompatible color definition on input line 521.

File: bibliography/Logo_HTTT.png Graphic file (type png)
<use bibliography/Logo_HTTT.png>
Package pdftex.def Info: bibliography/Logo_HTTT.png  used on input line 524.
>>>>>>> main
(pdftex.def)             Requested size: 24.11993pt x 24.11989pt.

Overfull \hbox (505.12177pt too wide) has occurred while \output is active
[]
 []


Overfull \hbox (505.12177pt too wide) has occurred while \output is active
[]
 []


Underfull \hbox (badness 10000) has occurred while \output is active
[]
 []

[6 <./bibliography/Figure/Illu_DLinear.png>]

<<<<<<< HEAD
Package xcolor Warning: Incompatible color definition on input line 529.


Package xcolor Warning: Incompatible color definition on input line 602.


Package xcolor Warning: Incompatible color definition on input line 605.


Overfull \hbox (1.54726pt too wide) in paragraph at lines 615--615
=======
Package xcolor Warning: Incompatible color definition on input line 524.


Package xcolor Warning: Incompatible color definition on input line 597.


Package xcolor Warning: Incompatible color definition on input line 600.


Overfull \hbox (1.54726pt too wide) in paragraph at lines 610--610
>>>>>>> main
[]|\T1/ptm/m/n/8 5049.939| 
 []


<<<<<<< HEAD
Overfull \hbox (1.54726pt too wide) in paragraph at lines 615--615
=======
Overfull \hbox (1.54726pt too wide) in paragraph at lines 610--610
>>>>>>> main
[]|\T1/ptm/m/n/8 4772.159| 
 []


<<<<<<< HEAD
Overfull \hbox (1.54726pt too wide) in paragraph at lines 617--617
=======
Overfull \hbox (1.54726pt too wide) in paragraph at lines 612--612
>>>>>>> main
[]|\T1/ptm/m/n/8 4119.015| 
 []


<<<<<<< HEAD
Overfull \hbox (1.54726pt too wide) in paragraph at lines 617--617
=======
Overfull \hbox (1.54726pt too wide) in paragraph at lines 612--612
>>>>>>> main
[]|\T1/ptm/m/n/8 3919.348| 
 []


<<<<<<< HEAD
Overfull \hbox (1.54726pt too wide) in paragraph at lines 619--619
=======
Overfull \hbox (1.54726pt too wide) in paragraph at lines 614--614
>>>>>>> main
[]|\T1/ptm/m/n/8 3584.478| 
 []


<<<<<<< HEAD
Overfull \hbox (1.54726pt too wide) in paragraph at lines 619--619
=======
Overfull \hbox (1.54726pt too wide) in paragraph at lines 614--614
>>>>>>> main
[]|\T1/ptm/m/n/8 3542.331| 
 []


<<<<<<< HEAD
Overfull \hbox (1.54726pt too wide) in paragraph at lines 623--623
=======
Overfull \hbox (1.54726pt too wide) in paragraph at lines 618--618
>>>>>>> main
[]|\T1/ptm/m/n/8 1205.208| 
 []


<<<<<<< HEAD
Overfull \hbox (1.54726pt too wide) in paragraph at lines 623--623
=======
Overfull \hbox (1.54726pt too wide) in paragraph at lines 618--618
>>>>>>> main
[]|\T1/ptm/m/n/8 1073.681| 
 []


<<<<<<< HEAD
Overfull \hbox (1.54726pt too wide) in paragraph at lines 625--625
=======
Overfull \hbox (1.54726pt too wide) in paragraph at lines 620--620
>>>>>>> main
[]|\T1/ptm/m/n/8 2181.237| 
 []


<<<<<<< HEAD
Overfull \hbox (1.54726pt too wide) in paragraph at lines 625--625
=======
Overfull \hbox (1.54726pt too wide) in paragraph at lines 620--620
>>>>>>> main
[]|\T1/ptm/m/n/8 1900.551| 
 []


<<<<<<< HEAD
Package xcolor Warning: Incompatible color definition on input line 678.

File: bibliography/Logo_HTTT.png Graphic file (type png)
<use bibliography/Logo_HTTT.png>
Package pdftex.def Info: bibliography/Logo_HTTT.png  used on input line 681.
(pdftex.def)             Requested size: 24.11993pt x 24.11989pt.

Overfull \hbox (505.12177pt too wide) has occurred while \output is active
[]
 []


Overfull \hbox (505.12177pt too wide) has occurred while \output is active
[]
 []


Underfull \hbox (badness 10000) has occurred while \output is active
[]
 []

[7]

Package xcolor Warning: Incompatible color definition on input line 681.

<bibliography/Figure/LR_CMG_73.png, id=67, 612.8496pt x 381.5856pt>
File: bibliography/Figure/LR_CMG_73.png Graphic file (type png)
<use bibliography/Figure/LR_CMG_73.png>
Package pdftex.def Info: bibliography/Figure/LR_CMG_73.png  used on input line 684.
(pdftex.def)             Requested size: 202.04561pt x 125.80136pt.

Package xcolor Warning: Incompatible color definition on input line 685.


Package xcolor Warning: Incompatible color definition on input line 685.

<bibliography/Figure/ARIMA_FPT_73.png, id=68, 619.3539pt x 381.5856pt>
File: bibliography/Figure/ARIMA_FPT_73.png Graphic file (type png)
<use bibliography/Figure/ARIMA_FPT_73.png>
Package pdftex.def Info: bibliography/Figure/ARIMA_FPT_73.png  used on input line 690.
(pdftex.def)             Requested size: 202.04561pt x 124.47964pt.

Package xcolor Warning: Incompatible color definition on input line 691.


Package xcolor Warning: Incompatible color definition on input line 691.

<bibliography/Figure/SARIMAX_ITD_73.png, id=69, 612.8496pt x 381.5856pt>
File: bibliography/Figure/SARIMAX_ITD_73.png Graphic file (type png)
<use bibliography/Figure/SARIMAX_ITD_73.png>
Package pdftex.def Info: bibliography/Figure/SARIMAX_ITD_73.png  used on input line 696.
(pdftex.def)             Requested size: 202.04561pt x 125.80136pt.

Package xcolor Warning: Incompatible color definition on input line 697.


Package xcolor Warning: Incompatible color definition on input line 697.

<bibliography/Figure/RNN_CMG_73.png, id=70, 627.3036pt x 381.5856pt>
File: bibliography/Figure/RNN_CMG_73.png Graphic file (type png)
<use bibliography/Figure/RNN_CMG_73.png>
Package pdftex.def Info: bibliography/Figure/RNN_CMG_73.png  used on input line 702.
(pdftex.def)             Requested size: 202.04561pt x 122.90173pt.

Package xcolor Warning: Incompatible color definition on input line 703.


Package xcolor Warning: Incompatible color definition on input line 703.
=======
Package xcolor Warning: Incompatible color definition on input line 673.

File: bibliography/Logo_HTTT.png Graphic file (type png)
<use bibliography/Logo_HTTT.png>
Package pdftex.def Info: bibliography/Logo_HTTT.png  used on input line 676.
(pdftex.def)             Requested size: 24.11993pt x 24.11989pt.

Overfull \hbox (505.12177pt too wide) has occurred while \output is active
[]
 []


Overfull \hbox (505.12177pt too wide) has occurred while \output is active
[]
 []


Underfull \hbox (badness 10000) has occurred while \output is active
[]
 []

[7]

Package xcolor Warning: Incompatible color definition on input line 676.

<bibliography/Figure/LR_CMG_73.png, id=67, 612.8496pt x 381.5856pt>
File: bibliography/Figure/LR_CMG_73.png Graphic file (type png)
<use bibliography/Figure/LR_CMG_73.png>
Package pdftex.def Info: bibliography/Figure/LR_CMG_73.png  used on input line 679.
(pdftex.def)             Requested size: 202.04561pt x 125.80136pt.

Package xcolor Warning: Incompatible color definition on input line 680.


Package xcolor Warning: Incompatible color definition on input line 680.

<bibliography/Figure/ARIMA_FPT_73.png, id=68, 619.3539pt x 381.5856pt>
File: bibliography/Figure/ARIMA_FPT_73.png Graphic file (type png)
<use bibliography/Figure/ARIMA_FPT_73.png>
Package pdftex.def Info: bibliography/Figure/ARIMA_FPT_73.png  used on input line 685.
(pdftex.def)             Requested size: 202.04561pt x 124.47964pt.

Package xcolor Warning: Incompatible color definition on input line 686.


Package xcolor Warning: Incompatible color definition on input line 686.

<bibliography/Figure/SARIMAX_ITD_73.png, id=69, 612.8496pt x 381.5856pt>
File: bibliography/Figure/SARIMAX_ITD_73.png Graphic file (type png)
<use bibliography/Figure/SARIMAX_ITD_73.png>
Package pdftex.def Info: bibliography/Figure/SARIMAX_ITD_73.png  used on input line 691.
(pdftex.def)             Requested size: 202.04561pt x 125.80136pt.

Package xcolor Warning: Incompatible color definition on input line 692.


Package xcolor Warning: Incompatible color definition on input line 692.

<bibliography/Figure/RNN_CMG_73.png, id=70, 627.3036pt x 381.5856pt>
File: bibliography/Figure/RNN_CMG_73.png Graphic file (type png)
<use bibliography/Figure/RNN_CMG_73.png>
Package pdftex.def Info: bibliography/Figure/RNN_CMG_73.png  used on input line 697.
(pdftex.def)             Requested size: 202.04561pt x 122.90173pt.

Package xcolor Warning: Incompatible color definition on input line 698.


Package xcolor Warning: Incompatible color definition on input line 698.
>>>>>>> main

<bibliography/Figure/GRU_FPT_73.png, id=71, 633.0852pt x 381.5856pt>
File: bibliography/Figure/GRU_FPT_73.png Graphic file (type png)
<use bibliography/Figure/GRU_FPT_73.png>
<<<<<<< HEAD
Package pdftex.def Info: bibliography/Figure/GRU_FPT_73.png  used on input line 708.
(pdftex.def)             Requested size: 202.04561pt x 121.778pt.

Package xcolor Warning: Incompatible color definition on input line 709.


Package xcolor Warning: Incompatible color definition on input line 709.
=======
Package pdftex.def Info: bibliography/Figure/GRU_FPT_73.png  used on input line 703.
(pdftex.def)             Requested size: 202.04561pt x 121.778pt.

Package xcolor Warning: Incompatible color definition on input line 704.


Package xcolor Warning: Incompatible color definition on input line 704.
>>>>>>> main

<bibliography/Figure/LSTM_ITD_73.png, id=72, 627.3036pt x 381.5856pt>
File: bibliography/Figure/LSTM_ITD_73.png Graphic file (type png)
<use bibliography/Figure/LSTM_ITD_73.png>
<<<<<<< HEAD
Package pdftex.def Info: bibliography/Figure/LSTM_ITD_73.png  used on input line 714.
(pdftex.def)             Requested size: 202.04561pt x 122.90173pt.

Package xcolor Warning: Incompatible color definition on input line 715.


Package xcolor Warning: Incompatible color definition on input line 715.
=======
Package pdftex.def Info: bibliography/Figure/LSTM_ITD_73.png  used on input line 709.
(pdftex.def)             Requested size: 202.04561pt x 122.90173pt.

Package xcolor Warning: Incompatible color definition on input line 710.


Package xcolor Warning: Incompatible color definition on input line 710.

<bibliography/Figure/GBR_CMG_73.png, id=73, 627.3036pt x 381.5856pt>
File: bibliography/Figure/GBR_CMG_73.png Graphic file (type png)
<use bibliography/Figure/GBR_CMG_73.png>
Package pdftex.def Info: bibliography/Figure/GBR_CMG_73.png  used on input line 715.
(pdftex.def)             Requested size: 202.04561pt x 122.90173pt.

Package xcolor Warning: Incompatible color definition on input line 716.


Package xcolor Warning: Incompatible color definition on input line 716.
>>>>>>> main

<bibliography/Figure/GBR_CMG_73.png, id=73, 627.3036pt x 381.5856pt>
File: bibliography/Figure/GBR_CMG_73.png Graphic file (type png)
<use bibliography/Figure/GBR_CMG_73.png>
Package pdftex.def Info: bibliography/Figure/GBR_CMG_73.png  used on input line 720.
(pdftex.def)             Requested size: 202.04561pt x 122.90173pt.

Package xcolor Warning: Incompatible color definition on input line 721.


Package xcolor Warning: Incompatible color definition on input line 721.

File: bibliography/Logo_HTTT.png Graphic file (type png)
<use bibliography/Logo_HTTT.png>
<<<<<<< HEAD
Package pdftex.def Info: bibliography/Logo_HTTT.png  used on input line 723.
=======
Package pdftex.def Info: bibliography/Logo_HTTT.png  used on input line 718.
>>>>>>> main
(pdftex.def)             Requested size: 24.11993pt x 24.11989pt.

Overfull \hbox (505.12177pt too wide) has occurred while \output is active
[]
 []


Overfull \hbox (505.12177pt too wide) has occurred while \output is active
[]
 []


Underfull \hbox (badness 10000) has occurred while \output is active
[]
 []

[8 <./bibliography/Figure/LR_CMG_73.png> <./bibliography/Figure/ARIMA_FPT_73.png> <./bibliography/Figure/SARIMAX_ITD_73.png> <./bibliography/Figure/RNN_CMG_73.png> <./bibliography/Figure/GRU_FPT_73.png>]
<bibliography/Figure/DLinear_FPT_73.png, id=82, 619.3539pt x 492.8814pt>
File: bibliography/Figure/DLinear_FPT_73.png Graphic file (type png)
<use bibliography/Figure/DLinear_FPT_73.png>
<<<<<<< HEAD
Package pdftex.def Info: bibliography/Figure/DLinear_FPT_73.png  used on input line 726.
(pdftex.def)             Requested size: 202.04561pt x 160.78621pt.


Package xcolor Warning: Incompatible color definition on input line 727.


Package xcolor Warning: Incompatible color definition on input line 727.


Package xcolor Warning: Incompatible color definition on input line 731.
=======
Package pdftex.def Info: bibliography/Figure/DLinear_FPT_73.png  used on input line 721.
(pdftex.def)             Requested size: 202.04561pt x 160.78621pt.


Package xcolor Warning: Incompatible color definition on input line 722.


Package xcolor Warning: Incompatible color definition on input line 722.


Package xcolor Warning: Incompatible color definition on input line 726.


Package xcolor Warning: Incompatible color definition on input line 734.
>>>>>>> main


Package xcolor Warning: Incompatible color definition on input line 739.


<<<<<<< HEAD
Package xcolor Warning: Incompatible color definition on input line 744.


Underfull \hbox (badness 10000) in paragraph at lines 754--755
=======
Underfull \hbox (badness 10000) in paragraph at lines 749--750
>>>>>>> main
[]\T1/ptm/n/n/7.61 D. Kalita, ^^PA Brief Overview of Re-cur-rent Neu-ral Net-works
 []

File: bibliography/Logo_HTTT.png Graphic file (type png)
<use bibliography/Logo_HTTT.png>
<<<<<<< HEAD
Package pdftex.def Info: bibliography/Logo_HTTT.png  used on input line 763.
=======
Package pdftex.def Info: bibliography/Logo_HTTT.png  used on input line 758.
>>>>>>> main
(pdftex.def)             Requested size: 24.11993pt x 24.11989pt.

Overfull \hbox (505.12177pt too wide) has occurred while \output is active
[]
 []


Overfull \hbox (505.12177pt too wide) has occurred while \output is active
[]
 []


Underfull \hbox (badness 10000) has occurred while \output is active
[]
 []

[9 <./bibliography/Figure/LSTM_ITD_73.png> <./bibliography/Figure/GBR_CMG_73.png> <./bibliography/Figure/DLinear_FPT_73.png>]
File: bibliography/Logo_HTTT.png Graphic file (type png)
<use bibliography/Logo_HTTT.png>
<<<<<<< HEAD
Package pdftex.def Info: bibliography/Logo_HTTT.png  used on input line 767.
=======
Package pdftex.def Info: bibliography/Logo_HTTT.png  used on input line 762.
>>>>>>> main
(pdftex.def)             Requested size: 24.11993pt x 24.11989pt.

Overfull \hbox (505.12177pt too wide) has occurred while \output is active
[]
 []


Overfull \hbox (505.12177pt too wide) has occurred while \output is active
[]
 []


Underfull \hbox (badness 10000) has occurred while \output is active
[]
 []

[10

] (TemplatePaper.aux)
 ***********
LaTeX2e <2023-11-01> patch level 1
L3 programming layer <2024-04-11>
 ***********


LaTeX Font Warning: Some font shapes were not available, defaults substituted.


LaTeX Warning: There were multiply-defined labels.

 ) 
Here is how much of TeX's memory you used:
<<<<<<< HEAD
 5529 strings out of 474370
 91700 string characters out of 5738175
 1998754 words of memory out of 5000000
 27815 multiletter control sequences out of 15000+600000
 647355 words of font info for 160 fonts, out of 8000000 for 9000
 1141 hyphenation exceptions out of 8191
 57i,13n,70p,1352b,511s stack positions out of 10000i,1000n,20000p,200000b,200000s
<C:/Users/datdao2003/AppData/Local/Programs/MiKTeX/fonts/type1/public/amsfonts/cm/cmbx10.pfb><C:/Users/datdao2003/AppData/Local/Programs/MiKTeX/fonts/type1/public/amsfonts/cm/cmex10.pfb><C:/Users/datdao2003/AppData/Local/Programs/MiKTeX/fonts/type1/public/amsfonts/cm/cmmi10.pfb><C:/Users/datdao2003/AppData/Local/Programs/MiKTeX/fonts/type1/public/amsfonts/cm/cmmi5.pfb><C:/Users/datdao2003/AppData/Local/Programs/MiKTeX/fonts/type1/public/amsfonts/cm/cmmi7.pfb><C:/Users/datdao2003/AppData/Local/Programs/MiKTeX/fonts/type1/public/amsfonts/cm/cmr10.pfb><C:/Users/datdao2003/AppData/Local/Programs/MiKTeX/fonts/type1/public/amsfonts/cm/cmr5.pfb><C:/Users/datdao2003/AppData/Local/Programs/MiKTeX/fonts/type1/public/amsfonts/cm/cmr7.pfb><C:/Users/datdao2003/AppData/Local/Programs/MiKTeX/fonts/type1/public/amsfonts/cm/cmsy10.pfb><C:/Users/datdao2003/AppData/Local/Programs/MiKTeX/fonts/type1/public/amsfonts/cm/cmsy5.pfb><C:/Users/datdao2003/AppData/Local/Programs/MiKTeX/fonts/type1/public/amsfonts/cm/cmsy7.pfb><C:/Users/datdao2003/AppData/Local/Programs/MiKTeX/fonts/type1/public/amsfonts/symbols/msbm10.pfb><C:/Users/datdao2003/AppData/Local/Programs/MiKTeX/fonts/type1/urw/helvetic/uhvb8a.pfb><C:/Users/datdao2003/AppData/Local/Programs/MiKTeX/fonts/type1/urw/helvetic/uhvbo8a.pfb><C:/Users/datdao2003/AppData/Local/Programs/MiKTeX/fonts/type1/urw/helvetic/uhvr8a.pfb><C:/Users/datdao2003/AppData/Local/Programs/MiKTeX/fonts/type1/urw/helvetic/uhvro8a.pfb><C:/Users/datdao2003/AppData/Local/Programs/MiKTeX/fonts/type1/urw/times/utmb8a.pfb><C:/Users/datdao2003/AppData/Local/Programs/MiKTeX/fonts/type1/urw/times/utmr8a.pfb><C:/Users/datdao2003/AppData/Local/Programs/MiKTeX/fonts/type1/urw/times/utmri8a.pfb>
Output written on TemplatePaper.pdf (10 pages, 1088398 bytes).
=======
 5461 strings out of 474370
 90038 string characters out of 5740535
 1997754 words of memory out of 5000000
 27751 multiletter control sequences out of 15000+600000
 647355 words of font info for 160 fonts, out of 8000000 for 9000
 1141 hyphenation exceptions out of 8191
 57i,12n,70p,1357b,511s stack positions out of 10000i,1000n,20000p,200000b,200000s
<C:/Users/cawfe/AppData/Local/Programs/MiKTeX/fonts/type1/public/amsfonts/cm/cmbx10.pfb><C:/Users/cawfe/AppData/Local/Programs/MiKTeX/fonts/type1/public/amsfonts/cm/cmex10.pfb><C:/Users/cawfe/AppData/Local/Programs/MiKTeX/fonts/type1/public/amsfonts/cm/cmmi10.pfb><C:/Users/cawfe/AppData/Local/Programs/MiKTeX/fonts/type1/public/amsfonts/cm/cmmi5.pfb><C:/Users/cawfe/AppData/Local/Programs/MiKTeX/fonts/type1/public/amsfonts/cm/cmmi7.pfb><C:/Users/cawfe/AppData/Local/Programs/MiKTeX/fonts/type1/public/amsfonts/cm/cmr10.pfb><C:/Users/cawfe/AppData/Local/Programs/MiKTeX/fonts/type1/public/amsfonts/cm/cmr5.pfb><C:/Users/cawfe/AppData/Local/Programs/MiKTeX/fonts/type1/public/amsfonts/cm/cmr7.pfb><C:/Users/cawfe/AppData/Local/Programs/MiKTeX/fonts/type1/public/amsfonts/cm/cmsy10.pfb><C:/Users/cawfe/AppData/Local/Programs/MiKTeX/fonts/type1/public/amsfonts/cm/cmsy5.pfb><C:/Users/cawfe/AppData/Local/Programs/MiKTeX/fonts/type1/public/amsfonts/cm/cmsy7.pfb><C:/Users/cawfe/AppData/Local/Programs/MiKTeX/fonts/type1/public/amsfonts/symbols/msbm10.pfb><C:/Users/cawfe/AppData/Local/Programs/MiKTeX/fonts/type1/urw/helvetic/uhvb8a.pfb><C:/Users/cawfe/AppData/Local/Programs/MiKTeX/fonts/type1/urw/helvetic/uhvbo8a.pfb><C:/Users/cawfe/AppData/Local/Programs/MiKTeX/fonts/type1/urw/helvetic/uhvr8a.pfb><C:/Users/cawfe/AppData/Local/Programs/MiKTeX/fonts/type1/urw/helvetic/uhvro8a.pfb><C:/Users/cawfe/AppData/Local/Programs/MiKTeX/fonts/type1/urw/times/utmb8a.pfb><C:/Users/cawfe/AppData/Local/Programs/MiKTeX/fonts/type1/urw/times/utmr8a.pfb><C:/Users/cawfe/AppData/Local/Programs/MiKTeX/fonts/type1/urw/times/utmri8a.pfb>
Output written on TemplatePaper.pdf (10 pages, 1084657 bytes).
>>>>>>> main
PDF statistics:
 171 PDF objects out of 1000 (max. 8388607)
 0 named destinations out of 1000 (max. 500000)
 101 words of extra memory for PDF output out of 10000 (max. 10000000)

